#
# A fatal error has been detected by the Java Runtime Environment:
#
#  EXCEPTION_ACCESS_VIOLATION (0xc0000005) at pc=0x69d85fee, pid=6344, tid=0x00000848
#
# JRE version: Java(TM) SE Runtime Environment (8.0_111-b14) (build 1.8.0_111-b14)
# Java VM: Java HotSpot(TM) Client VM (25.111-b14 mixed mode windows-x86 )
# Problematic frame:
# V  [jvm.dll+0xe5fee]
#
# Failed to write core dump. Minidumps are not enabled by default on client versions of Windows
#
# If you would like to submit a bug report, please visit:
#   http://bugreport.java.com/bugreport/crash.jsp
#

---------------  T H R E A D  ---------------

Current thread (0x07b28800):  JavaThread "EventThread COM6" [_thread_in_vm, id=2120, stack(0x08f10000,0x08f60000)]

siginfo: ExceptionCode=0xc0000005, reading address 0x00000000

Registers:
EAX=0x00000000, EBX=0x00a3e158, ECX=0x07b28800, EDX=0x0000009f
ESP=0x08f5e6dc, EBP=0x08f5e6f8, ESI=0x00000000, EDI=0x07b28800
EIP=0x69d85fee, EFLAGS=0x00010246

Top of Stack: (sp=0x08f5e6dc)
0x08f5e6dc:   08f5e714 07b28940 00a3e158 07b28800
0x08f5e6ec:   074b0444 0000009f 69f81020 08f5f758
0x08f5e6fc:   6400183d 07b28940 00000000 00000000
0x08f5e70c:   00001000 08f5e714 0a0d204c 4d5f4e49
0x08f5e71c:   20554e45 4e490a0d 4952425f 490a0d20
0x08f5e72c:   45445f4e 0a0d204c 4d5f4e49 20554e45
0x08f5e73c:   4e490a0d 4952425f 490a0d20 45445f4e
0x08f5e74c:   0a0d204c 4d5f4e49 20554e45 4e490a0d 

Instructions: (pc=0x69d85fee)
0x69d85fce:   c4 08 83 7f 04 00 89 7d f0 c7 45 f4 00 00 00 00
0x69d85fde:   74 08 8d 4d f0 e8 58 1d 0c 00 8b 75 10 8b 45 0c
0x69d85fee:   8b 10 85 f6 78 32 8b 45 14 85 c0 78 2b 8d 0c 06
0x69d85ffe:   3b 4a 08 77 23 85 c0 7e 3b 8b 4a 04 8b 49 04 83 


Register to memory mapping:

EAX=0x00000000 is an unknown value
EBX=0x00a3e158 is an unknown value
ECX=0x07b28800 is a thread
EDX=0x0000009f is an unknown value
ESP=0x08f5e6dc is pointing into the stack for thread: 0x07b28800
EBP=0x08f5e6f8 is pointing into the stack for thread: 0x07b28800
ESI=0x00000000 is an unknown value
EDI=0x07b28800 is a thread


Stack: [0x08f10000,0x08f60000],  sp=0x08f5e6dc,  free space=313k
Native frames: (J=compiled Java code, j=interpreted, Vv=VM code, C=native code)
V  [jvm.dll+0xe5fee]
C  [jSSC-2.8_x86.dll+0x183d]
J 8517  jssc.SerialNativeInterface.readBytes(JI)[B (0 bytes) @ 0x02871ea5 [0x02871e10+0x95]
J 29835 C1 processing.app.Serial.serialEvent(Ljssc/SerialPortEvent;)V (59 bytes) @ 0x0277ef54 [0x0277ee20+0x134]
J 9606 C1 jssc.SerialPort$EventThread.run()V (84 bytes) @ 0x0268cd8c [0x0268cc30+0x15c]
v  ~StubRoutines::call_stub
V  [jvm.dll+0x15a895]
V  [jvm.dll+0x220bfe]
V  [jvm.dll+0x15a92e]
V  [jvm.dll+0x15aab6]
V  [jvm.dll+0x15ab27]
V  [jvm.dll+0xfef8f]
V  [jvm.dll+0x17d6f0]
V  [jvm.dll+0x17df6a]
V  [jvm.dll+0x1c29c6]
C  [msvcr100.dll+0x5c556]
C  [msvcr100.dll+0x5c600]
C  [KERNEL32.DLL+0x162c4]
C  [ntdll.dll+0x60fd9]
C  [ntdll.dll+0x60fa4]
C  0x00000000

Java frames: (J=compiled Java code, j=interpreted, Vv=VM code)
J 8517  jssc.SerialNativeInterface.readBytes(JI)[B (0 bytes) @ 0x02871e61 [0x02871e10+0x51]
J 29835 C1 processing.app.Serial.serialEvent(Ljssc/SerialPortEvent;)V (59 bytes) @ 0x0277ef54 [0x0277ee20+0x134]
J 9606 C1 jssc.SerialPort$EventThread.run()V (84 bytes) @ 0x0268cd8c [0x0268cc30+0x15c]
v  ~StubRoutines::call_stub

---------------  P R O C E S S  ---------------

Java Threads: ( => current thread )
  0x07b2a800 JavaThread "Thread-403" [_thread_blocked, id=2196, stack(0x09020000,0x09070000)]
=>0x07b28800 JavaThread "EventThread COM6" [_thread_in_vm, id=2120, stack(0x08f10000,0x08f60000)]
  0x07b2b800 JavaThread "DestroyJavaVM" [_thread_blocked, id=7036, stack(0x02020000,0x02070000)]
  0x07b29400 JavaThread "TimerQueue" daemon [_thread_blocked, id=15016, stack(0x094f0000,0x09540000)]
  0x07572c00 JavaThread "AWT-EventQueue-0" [_thread_blocked, id=14672, stack(0x07ed0000,0x07f20000)]
  0x07572800 JavaThread "AWT-Shutdown" [_thread_blocked, id=14716, stack(0x06e20000,0x06e70000)]
  0x07573400 JavaThread "Batik CleanerThread" daemon [_thread_blocked, id=14700, stack(0x06aa0000,0x06af0000)]
  0x07571400 JavaThread "JmDNS(fe80:0:0:0:4992:981c:d0a6:2d63%eth6.local.).Timer" daemon [_thread_blocked, id=9644, stack(0x06740000,0x06790000)]
  0x07571c00 JavaThread "JmDNS(fe80:0:0:0:4992:981c:d0a6:2d63%eth6.local.).State.Timer" [_thread_blocked, id=9620, stack(0x066b0000,0x06700000)]
  0x07571000 JavaThread "JmDNS(fe80:0:0:0:4992:981c:d0a6:2d63%eth6.local.).Timer" daemon [_thread_blocked, id=9448, stack(0x06620000,0x06670000)]
  0x07573c00 JavaThread "SocketListener(fe80:0:0:0:4992:981c:d0a6:2d63%eth6.local.)" daemon [_thread_in_native, id=9404, stack(0x05d30000,0x05d80000)]
  0x07570800 JavaThread "JmDNS(pjakobs-FOTOPC-fritz-box.local.).Timer" daemon [_thread_blocked, id=9312, stack(0x06590000,0x065e0000)]
  0x0754dc00 JavaThread "JmDNS(pjakobs-FOTOPC-fritz-box.local.).State.Timer" [_thread_blocked, id=9300, stack(0x064e0000,0x06530000)]
  0x0754d400 JavaThread "JmDNS(pjakobs-FOTOPC-fritz-box.local.).Timer" daemon [_thread_blocked, id=8592, stack(0x06450000,0x064a0000)]
  0x0754c000 JavaThread "SocketListener(pjakobs-FOTOPC-fritz-box.local.)" daemon [_thread_in_native, id=9060, stack(0x063c0000,0x06410000)]
  0x07511800 JavaThread "cc.arduino.packages.discoverers.network.BoardReachabilityFilter" [_thread_blocked, id=9008, stack(0x06130000,0x06180000)]
  0x07511000 JavaThread "cc.arduino.packages.discoverers.network.NetworkChecker" [_thread_blocked, id=9004, stack(0x060a0000,0x060f0000)]
  0x07510800 JavaThread "cc.arduino.packages.discoverers.serial.SerialBoardsLister" [_thread_blocked, id=8980, stack(0x06010000,0x06060000)]
  0x05a07c00 JavaThread "AWT-Windows" daemon [_thread_blocked, id=8364, stack(0x05dc0000,0x05e10000)]
  0x05a06400 JavaThread "Java2D Disposer" daemon [_thread_blocked, id=8412, stack(0x05ca0000,0x05cf0000)]
  0x05106400 JavaThread "Service Thread" daemon [_thread_blocked, id=7620, stack(0x05520000,0x05570000)]
  0x050df800 JavaThread "C1 CompilerThread0" daemon [_thread_blocked, id=2640, stack(0x05490000,0x054e0000)]
  0x050de000 JavaThread "Attach Listener" daemon [_thread_blocked, id=7492, stack(0x05400000,0x05450000)]
  0x050dc000 JavaThread "Signal Dispatcher" daemon [_thread_blocked, id=7576, stack(0x04cf0000,0x04d40000)]
  0x050ca000 JavaThread "Finalizer" daemon [_thread_blocked, id=6608, stack(0x04c60000,0x04cb0000)]
  0x050b4000 JavaThread "Reference Handler" daemon [_thread_blocked, id=7388, stack(0x04bd0000,0x04c20000)]

Other Threads:
  0x0225e800 VMThread [stack: 0x04620000,0x04670000] [id=7368]
  0x050eb800 WatcherThread [stack: 0x055b0000,0x05600000] [id=7652]

VM state:synchronizing (normal execution)

VM Mutex/Monitor currently owned by a thread:  ([mutex/lock_event])
[0x0082ce88] Threads_lock - owner thread: 0x0225e800
[0x0082c2c0] Heap_lock - owner thread: 0x07b29400

Heap:
 def new generation   total 157248K, used 157248K [0x10200000, 0x1aca0000, 0x1aca0000)
  eden space 139776K, 100% used [0x10200000, 0x18a80000, 0x18a80000)
  from space 17472K, 100% used [0x18a80000, 0x19b90000, 0x19b90000)
  to   space 17472K,   0% used [0x19b90000, 0x19b90000, 0x1aca0000)
 tenured generation   total 349568K, used 349568K [0x1aca0000, 0x30200000, 0x30200000)
   the space 349568K, 100% used [0x1aca0000, 0x30200000, 0x30200000, 0x30200000)
 Metaspace       used 20544K, capacity 21105K, committed 21376K, reserved 21888K

Card table byte_map: [0x044d0000,0x045e0000] byte_map_base: 0x0444f000

Polling page: 0x00670000

CodeCache: size=32768Kb used=3457Kb max_used=5149Kb free=29310Kb
 bounds [0x023b0000, 0x028c0000, 0x043b0000]
 total_blobs=2000 nmethods=1721 adapters=208
 compilation: enabled

Compilation events (10 events):
Event: 4894.647 Thread 0x050df800 31799   !         java.awt.Container::getComponent (42 bytes)
Event: 4894.648 Thread 0x050df800 nmethod 31799 0x02475048 code [0x02475190, 0x0247545c]
Event: 4894.913 Thread 0x050df800 31800             javax.swing.RepaintManager::updateWindows (161 bytes)
Event: 4894.915 Thread 0x050df800 nmethod 31800 0x0245c3c8 code [0x0245c600, 0x0245cd1c]
Event: 4897.066 Thread 0x050df800 31801             javax.swing.plaf.basic.BasicTextUI::getEditorKit (4 bytes)
Event: 4897.067 Thread 0x050df800 nmethod 31801 0x0247bc88 code [0x0247bd80, 0x0247be00]
Event: 4900.246 Thread 0x050df800 31802             javax.jmdns.impl.DNSOutgoing$MessageOutputStream::writeUTF (207 bytes)
Event: 4900.248 Thread 0x050df800 nmethod 31802 0x0261a508 code [0x0261a680, 0x0261a9ec]
Event: 4900.248 Thread 0x050df800 31803             javax.jmdns.impl.DNSOutgoing$MessageOutputStream::writeBytes (26 bytes)
Event: 4900.248 Thread 0x050df800 nmethod 31803 0x024fb908 code [0x024fba10, 0x024fbb0c]

GC Heap History (10 events):
Event: 4905.228 GC heap before
{Heap before GC invocations=837 (full 91):
 def new generation   total 157248K, used 157248K [0x10200000, 0x1aca0000, 0x1aca0000)
  eden space 139776K, 100% used [0x10200000, 0x18a80000, 0x18a80000)
  from space 17472K, 100% used [0x18a80000, 0x19b90000, 0x19b90000)
  to   space 17472K,   0% used [0x19b90000, 0x19b90000, 0x1aca0000)
 tenured generation   total 349568K, used 349568K [0x1aca0000, 0x30200000, 0x30200000)
   the space 349568K, 100% used [0x1aca0000, 0x30200000, 0x30200000, 0x30200000)
 Metaspace       used 20544K, capacity 21105K, committed 21376K, reserved 21888K
Event: 4905.725 GC heap after
Heap after GC invocations=838 (full 92):
 def new generation   total 157248K, used 157247K [0x10200000, 0x1aca0000, 0x1aca0000)
  eden space 139776K,  99% used [0x10200000, 0x18a7fff0, 0x18a80000)
  from space 17472K,  99% used [0x18a80000, 0x19b8ffb0, 0x19b90000)
  to   space 17472K,   0% used [0x19b90000, 0x19b90000, 0x1aca0000)
 tenured generation   total 349568K, used 349568K [0x1aca0000, 0x30200000, 0x30200000)
   the space 349568K, 100% used [0x1aca0000, 0x30200000, 0x30200000, 0x30200000)
 Metaspace       used 20544K, capacity 21105K, committed 21376K, reserved 21888K
}
Event: 4905.725 GC heap before
{Heap before GC invocations=838 (full 92):
 def new generation   total 157248K, used 157247K [0x10200000, 0x1aca0000, 0x1aca0000)
  eden space 139776K, 100% used [0x10200000, 0x18a80000, 0x18a80000)
  from space 17472K,  99% used [0x18a80000, 0x19b8ffc8, 0x19b90000)
  to   space 17472K,   0% used [0x19b90000, 0x19b90000, 0x1aca0000)
 tenured generation   total 349568K, used 349568K [0x1aca0000, 0x30200000, 0x30200000)
   the space 349568K, 100% used [0x1aca0000, 0x30200000, 0x30200000, 0x30200000)
 Metaspace       used 20544K, capacity 21105K, committed 21376K, reserved 21888K
Event: 4906.214 GC heap after
Heap after GC invocations=839 (full 93):
 def new generation   total 157248K, used 157247K [0x10200000, 0x1aca0000, 0x1aca0000)
  eden space 139776K, 100% used [0x10200000, 0x18a80000, 0x18a80000)
  from space 17472K,  99% used [0x18a80000, 0x19b8ffb0, 0x19b90000)
  to   space 17472K,   0% used [0x19b90000, 0x19b90000, 0x1aca0000)
 tenured generation   total 349568K, used 349568K [0x1aca0000, 0x30200000, 0x30200000)
   the space 349568K, 100% used [0x1aca0000, 0x30200000, 0x30200000, 0x30200000)
 Metaspace       used 20544K, capacity 21105K, committed 21376K, reserved 21888K
}
Event: 4906.214 GC heap before
{Heap before GC invocations=839 (full 93):
 def new generation   total 157248K, used 157247K [0x10200000, 0x1aca0000, 0x1aca0000)
  eden space 139776K, 100% used [0x10200000, 0x18a80000, 0x18a80000)
  from space 17472K,  99% used [0x18a80000, 0x19b8ffb0, 0x19b90000)
  to   space 17472K,   0% used [0x19b90000, 0x19b90000, 0x1aca0000)
 tenured generation   total 349568K, used 349568K [0x1aca0000, 0x30200000, 0x30200000)
   the space 349568K, 100% used [0x1aca0000, 0x30200000, 0x30200000, 0x30200000)
 Metaspace       used 20544K, capacity 21105K, committed 21376K, reserved 21888K
Event: 4906.726 GC heap after
Heap after GC invocations=840 (full 94):
 def new generation   total 157248K, used 157247K [0x10200000, 0x1aca0000, 0x1aca0000)
  eden space 139776K, 100% used [0x10200000, 0x18a80000, 0x18a80000)
  from space 17472K,  99% used [0x18a80000, 0x19b8ffb0, 0x19b90000)
  to   space 17472K,   0% used [0x19b90000, 0x19b90000, 0x1aca0000)
 tenured generation   total 349568K, used 349568K [0x1aca0000, 0x30200000, 0x30200000)
   the space 349568K, 100% used [0x1aca0000, 0x30200000, 0x30200000, 0x30200000)
 Metaspace       used 20544K, capacity 21105K, committed 21376K, reserved 21888K
}
Event: 4906.727 GC heap before
{Heap before GC invocations=840 (full 94):
 def new generation   total 157248K, used 157247K [0x10200000, 0x1aca0000, 0x1aca0000)
  eden space 139776K, 100% used [0x10200000, 0x18a80000, 0x18a80000)
  from space 17472K,  99% used [0x18a80000, 0x19b8ffb0, 0x19b90000)
  to   space 17472K,   0% used [0x19b90000, 0x19b90000, 0x1aca0000)
 tenured generation   total 349568K, used 349568K [0x1aca0000, 0x30200000, 0x30200000)
   the space 349568K, 100% used [0x1aca0000, 0x30200000, 0x30200000, 0x30200000)
 Metaspace       used 20544K, capacity 21105K, committed 21376K, reserved 21888K
Event: 4907.224 GC heap after
Heap after GC invocations=841 (full 95):
 def new generation   total 157248K, used 157247K [0x10200000, 0x1aca0000, 0x1aca0000)
  eden space 139776K, 100% used [0x10200000, 0x18a80000, 0x18a80000)
  from space 17472K,  99% used [0x18a80000, 0x19b8ffb0, 0x19b90000)
  to   space 17472K,   0% used [0x19b90000, 0x19b90000, 0x1aca0000)
 tenured generation   total 349568K, used 349568K [0x1aca0000, 0x30200000, 0x30200000)
   the space 349568K, 100% used [0x1aca0000, 0x30200000, 0x30200000, 0x30200000)
 Metaspace       used 20544K, capacity 21105K, committed 21376K, reserved 21888K
}
Event: 4907.224 GC heap before
{Heap before GC invocations=841 (full 95):
 def new generation   total 157248K, used 157247K [0x10200000, 0x1aca0000, 0x1aca0000)
  eden space 139776K, 100% used [0x10200000, 0x18a80000, 0x18a80000)
  from space 17472K,  99% used [0x18a80000, 0x19b8ffb0, 0x19b90000)
  to   space 17472K,   0% used [0x19b90000, 0x19b90000, 0x1aca0000)
 tenured generation   total 349568K, used 349568K [0x1aca0000, 0x30200000, 0x30200000)
   the space 349568K, 100% used [0x1aca0000, 0x30200000, 0x30200000, 0x30200000)
 Metaspace       used 20544K, capacity 21105K, committed 21376K, reserved 21888K
Event: 4907.717 GC heap after
Heap after GC invocations=842 (full 96):
 def new generation   total 157248K, used 157247K [0x10200000, 0x1aca0000, 0x1aca0000)
  eden space 139776K, 100% used [0x10200000, 0x18a80000, 0x18a80000)
  from space 17472K,  99% used [0x18a80000, 0x19b8ffb0, 0x19b90000)
  to   space 17472K,   0% used [0x19b90000, 0x19b90000, 0x1aca0000)
 tenured generation   total 349568K, used 349568K [0x1aca0000, 0x30200000, 0x30200000)
   the space 349568K, 100% used [0x1aca0000, 0x30200000, 0x30200000, 0x30200000)
 Metaspace       used 20544K, capacity 21105K, committed 21376K, reserved 21888K
}

Deoptimization events (0 events):
No events

Internal exceptions (10 events):
Event: 4757.902 Thread 0x07b2ac00 Exception <a 'sun/nio/fs/WindowsException'> (0x13d1c698) thrown at [C:\re\workspace\8-2-build-windows-i586-cygwin\jdk8u111\7883\hotspot\src\share\vm\prims\jni.cpp, line 709]
Event: 4757.902 Thread 0x07b2ac00 Exception <a 'sun/nio/fs/WindowsException'> (0x13d1cc78) thrown at [C:\re\workspace\8-2-build-windows-i586-cygwin\jdk8u111\7883\hotspot\src\share\vm\prims\jni.cpp, line 709]
Event: 4757.905 Thread 0x07b2ac00 Exception <a 'sun/nio/fs/WindowsException'> (0x13d283b0) thrown at [C:\re\workspace\8-2-build-windows-i586-cygwin\jdk8u111\7883\hotspot\src\share\vm\prims\jni.cpp, line 709]
Event: 4757.905 Thread 0x07b2ac00 Exception <a 'sun/nio/fs/WindowsException'> (0x13d28940) thrown at [C:\re\workspace\8-2-build-windows-i586-cygwin\jdk8u111\7883\hotspot\src\share\vm\prims\jni.cpp, line 709]
Event: 4757.908 Thread 0x07b2ac00 Exception <a 'sun/nio/fs/WindowsException'> (0x13d33f60) thrown at [C:\re\workspace\8-2-build-windows-i586-cygwin\jdk8u111\7883\hotspot\src\share\vm\prims\jni.cpp, line 709]
Event: 4757.908 Thread 0x07b2ac00 Exception <a 'sun/nio/fs/WindowsException'> (0x13d344e0) thrown at [C:\re\workspace\8-2-build-windows-i586-cygwin\jdk8u111\7883\hotspot\src\share\vm\prims\jni.cpp, line 709]
Event: 4757.909 Thread 0x07b2ac00 Exception <a 'sun/nio/fs/WindowsException'> (0x13d42d00) thrown at [C:\re\workspace\8-2-build-windows-i586-cygwin\jdk8u111\7883\hotspot\src\share\vm\prims\jni.cpp, line 709]
Event: 4757.909 Thread 0x07b2ac00 Exception <a 'sun/nio/fs/WindowsException'> (0x13d432a8) thrown at [C:\re\workspace\8-2-build-windows-i586-cygwin\jdk8u111\7883\hotspot\src\share\vm\prims\jni.cpp, line 709]
Event: 4906.727 Thread 0x07b28800 Exception <a 'java/lang/OutOfMemoryError'> (0x1ad34e70) thrown at [C:\re\workspace\8-2-build-windows-i586-cygwin\jdk8u111\7883\hotspot\src\share\vm\gc_interface/collectedHeap.inline.hpp, line 159]
Event: 4907.718 Thread 0x07511000 Exception <a 'java/lang/OutOfMemoryError'> (0x1ad34e50) thrown at [C:\re\workspace\8-2-build-windows-i586-cygwin\jdk8u111\7883\hotspot\src\share\vm\gc_interface/collectedHeap.inline.hpp, line 159]

Events (10 events):
Event: 4904.216 Executing VM operation: GenCollectForAllocation
Event: 4904.717 Executing VM operation: GenCollectForAllocation done
Event: 4904.717 Executing VM operation: GenCollectForAllocation
Event: 4905.228 Executing VM operation: GenCollectForAllocation done
Event: 4905.228 Executing VM operation: GenCollectForAllocation
Event: 4905.725 Executing VM operation: GenCollectForAllocation done
Event: 4905.725 Executing VM operation: GenCollectForAllocation
Event: 4906.726 Executing VM operation: GenCollectForAllocation done
Event: 4906.727 Executing VM operation: GenCollectForAllocation
Event: 4907.717 Executing VM operation: GenCollectForAllocation done


Dynamic libraries:
0x00830000 - 0x00863000 	C:\Program Files (x86)\Arduino\java\bin\javaw.exe
0x77a70000 - 0x77bf3000 	C:\WINDOWS\SYSTEM32\ntdll.dll
0x77950000 - 0x77a30000 	C:\WINDOWS\System32\KERNEL32.DLL
0x75bb0000 - 0x75d51000 	C:\WINDOWS\System32\KERNELBASE.dll
0x767e0000 - 0x76857000 	C:\WINDOWS\System32\ADVAPI32.dll
0x77730000 - 0x777ee000 	C:\WINDOWS\System32\msvcrt.dll
0x77500000 - 0x77541000 	C:\WINDOWS\System32\sechost.dll
0x765b0000 - 0x76671000 	C:\WINDOWS\System32\RPCRT4.dll
0x74420000 - 0x7443e000 	C:\WINDOWS\System32\SspiCli.dll
0x74410000 - 0x7441a000 	C:\WINDOWS\System32\CRYPTBASE.dll
0x77560000 - 0x775ba000 	C:\WINDOWS\System32\bcryptPrimitives.dll
0x771a0000 - 0x772ff000 	C:\WINDOWS\System32\USER32.dll
0x76a80000 - 0x76a95000 	C:\WINDOWS\System32\win32u.dll
0x76500000 - 0x7652b000 	C:\WINDOWS\System32\GDI32.dll
0x76680000 - 0x767db000 	C:\WINDOWS\System32\gdi32full.dll
0x732f0000 - 0x734fa000 	C:\WINDOWS\WinSxS\x86_microsoft.windows.common-controls_6595b64144ccf1df_6.0.14393.447_none_89c64d28dafea4b9\COMCTL32.dll
0x745b0000 - 0x747c1000 	C:\WINDOWS\System32\combase.dll
0x76420000 - 0x76500000 	C:\WINDOWS\System32\ucrtbase.dll
0x76530000 - 0x76555000 	C:\WINDOWS\System32\IMM32.DLL
0x6bd70000 - 0x6be2f000 	C:\Program Files (x86)\Arduino\java\bin\msvcr100.dll
0x69ca0000 - 0x6a06d000 	C:\Program Files (x86)\Arduino\java\bin\client\jvm.dll
0x77550000 - 0x77556000 	C:\WINDOWS\System32\PSAPI.DLL
0x73500000 - 0x73508000 	C:\WINDOWS\SYSTEM32\VERSION.dll
0x732c0000 - 0x732e4000 	C:\WINDOWS\SYSTEM32\WINMM.dll
0x72940000 - 0x72948000 	C:\WINDOWS\SYSTEM32\WSOCK32.dll
0x74540000 - 0x745a3000 	C:\WINDOWS\System32\WS2_32.dll
0x73280000 - 0x732a3000 	C:\WINDOWS\SYSTEM32\WINMMBASE.dll
0x77a30000 - 0x77a66000 	C:\WINDOWS\System32\cfgmgr32.dll
0x6b390000 - 0x6b3c1000 	C:\Program Files (x86)\Arduino\java\bin\splashscreen.dll
0x73e20000 - 0x73e95000 	C:\WINDOWS\system32\uxtheme.dll
0x6bd60000 - 0x6bd6c000 	C:\Program Files (x86)\Arduino\java\bin\verify.dll
0x69c70000 - 0x69c91000 	C:\Program Files (x86)\Arduino\java\bin\java.dll
0x76bf0000 - 0x76d25000 	C:\WINDOWS\System32\MSCTF.dll
0x76aa0000 - 0x76b34000 	C:\WINDOWS\System32\OLEAUT32.dll
0x76b60000 - 0x76bdb000 	C:\WINDOWS\System32\msvcp_win.dll
0x10000000 - 0x10016000 	C:\Program Files (x86)\Common Files\Portrait Displays\Plugins\DP\msgHook.dll
0x6b8a0000 - 0x6b8b3000 	C:\Program Files (x86)\Arduino\java\bin\zip.dll
0x76be0000 - 0x76bed000 	C:\WINDOWS\System32\kernel.appcore.dll
0x747d0000 - 0x75ba9000 	C:\WINDOWS\System32\SHELL32.dll
0x75d60000 - 0x762ce000 	C:\WINDOWS\System32\windows.storage.dll
0x763c0000 - 0x76405000 	C:\WINDOWS\System32\powrprof.dll
0x777f0000 - 0x77836000 	C:\WINDOWS\System32\shlwapi.dll
0x769f0000 - 0x76a78000 	C:\WINDOWS\System32\shcore.dll
0x76b40000 - 0x76b4f000 	C:\WINDOWS\System32\profapi.dll
0x05600000 - 0x0563e000 	C:\Program Files (x86)\Portrait Displays\Pivot Software\winphook.dll
0x61940000 - 0x619b2000 	C:\Program Files (x86)\Arduino\lib\listSerialsj.dll
0x76d30000 - 0x7713b000 	C:\WINDOWS\System32\SETUPAPI.dll
0x72680000 - 0x72693000 	C:\WINDOWS\SYSTEM32\CRYPTSP.dll
0x725f0000 - 0x7261f000 	C:\WINDOWS\system32\rsaenh.dll
0x730d0000 - 0x730eb000 	C:\WINDOWS\SYSTEM32\bcrypt.dll
0x74350000 - 0x7436a000 	C:\WINDOWS\SYSTEM32\USERENV.dll
0x6b370000 - 0x6b386000 	C:\Program Files (x86)\Arduino\java\bin\net.dll
0x73050000 - 0x7309e000 	C:\WINDOWS\system32\mswsock.dll
0x73240000 - 0x7326f000 	C:\WINDOWS\SYSTEM32\IPHLPAPI.DLL
0x76b50000 - 0x76b57000 	C:\WINDOWS\System32\NSI.dll
0x729a0000 - 0x729b3000 	C:\WINDOWS\SYSTEM32\dhcpcsvc6.DLL
0x72980000 - 0x72994000 	C:\WINDOWS\SYSTEM32\dhcpcsvc.DLL
0x6bd50000 - 0x6bd5f000 	C:\Program Files (x86)\Arduino\java\bin\nio.dll
0x6ad30000 - 0x6ad4d000 	C:\Users\pjakobs\AppData\Local\Temp\jna--551233828\jna4238229843332162714.dll
0x74450000 - 0x7453a000 	C:\WINDOWS\System32\Ole32.dll
0x69b20000 - 0x69c66000 	C:\Program Files (x86)\Arduino\java\bin\awt.dll
0x74370000 - 0x74402000 	C:\WINDOWS\SYSTEM32\apphelp.dll
0x72b00000 - 0x72b1f000 	C:\WINDOWS\system32\dwmapi.dll
0x69ae0000 - 0x69b19000 	C:\Program Files (x86)\Arduino\java\bin\fontmanager.dll
0x69aa0000 - 0x69ad2000 	C:\Program Files (x86)\Arduino\java\bin\t2k.dll
0x72890000 - 0x728b2000 	C:\WINDOWS\SYSTEM32\DEVOBJ.dll
0x76560000 - 0x765a4000 	C:\WINDOWS\System32\WINTRUST.dll
0x74440000 - 0x7444e000 	C:\WINDOWS\System32\MSASN1.dll
0x77360000 - 0x774dd000 	C:\WINDOWS\System32\CRYPT32.dll
0x721c0000 - 0x7223c000 	C:\WINDOWS\SYSTEM32\DNSAPI.dll
0x72b60000 - 0x72b68000 	C:\Windows\System32\rasadhlp.dll
0x704e0000 - 0x70529000 	C:\WINDOWS\System32\fwpuclnt.dll
0x69a30000 - 0x69a99000 	C:\Program Files (x86)\Arduino\msvcp100.dll
0x69970000 - 0x69a2e000 	C:\Program Files (x86)\Arduino\msvcr100.dll
0x06a20000 - 0x06a52000 	C:\Program Files (x86)\Arduino\lib\AStylej.dll
0x69940000 - 0x69964000 	C:\Program Files (x86)\Arduino\java\bin\dcpr.dll
0x77860000 - 0x778e4000 	C:\WINDOWS\System32\clbcatq.dll
0x705f0000 - 0x7075e000 	C:\WINDOWS\SYSTEM32\WindowsCodecs.dll
0x6cd50000 - 0x6cd94000 	C:\WINDOWS\system32\dataexchange.dll
0x6c8c0000 - 0x6c9d3000 	C:\WINDOWS\system32\dcomp.dll
0x6c9e0000 - 0x6cc0f000 	C:\WINDOWS\system32\d3d11.dll
0x6ccc0000 - 0x6cd44000 	C:\WINDOWS\system32\dxgi.dll
0x6c7c0000 - 0x6c8b1000 	C:\WINDOWS\system32\twinapi.appcore.dll
0x007a0000 - 0x007ae000 	C:\Program Files (x86)\ASUS\AI Suite II\TurboV EVO\HookKey32.dll
0x08020000 - 0x080c1000 	C:\Program Files (x86)\ASUS\AI Suite II\Remote GO!\AssistTools\WiFiGO_HookKey.dll
0x69920000 - 0x69940000 	C:\Program Files (x86)\Arduino\java\bin\sunec.dll
0x6b950000 - 0x6b959000 	C:\Program Files (x86)\Arduino\java\bin\sunmscapi.dll
0x76900000 - 0x769e5000 	C:\WINDOWS\System32\COMDLG32.dll
0x73cd0000 - 0x73e1f000 	C:\WINDOWS\system32\propsys.dll
0x698a0000 - 0x6991b000 	C:\Program Files (x86)\Common Files\microsoft shared\ink\tiptsf.dll
0x73c90000 - 0x73ccd000 	C:\WINDOWS\SYSTEM32\edputil.dll
0x54b90000 - 0x54cb4000 	C:\WINDOWS\system32\NetworkExplorer.dll
0x65730000 - 0x65773000 	C:\Windows\System32\thumbcache.dll
0x6c160000 - 0x6c221000 	C:\WINDOWS\SYSTEM32\ntshrui.dll
0x66a60000 - 0x66a7c000 	C:\WINDOWS\SYSTEM32\srvcli.dll
0x6fe60000 - 0x6fe6f000 	C:\WINDOWS\SYSTEM32\cscapi.dll
0x67440000 - 0x674c5000 	C:\WINDOWS\System32\StructuredQuery.dll
0x61bb0000 - 0x61bef000 	C:\WINDOWS\SYSTEM32\policymanager.dll
0x60c70000 - 0x60cd7000 	C:\WINDOWS\SYSTEM32\msvcp110_win.dll
0x5a630000 - 0x5a6df000 	C:\WINDOWS\system32\Windows.Storage.Search.dll
0x696a0000 - 0x6989f000 	C:\Users\pjakobs\AppData\Local\Microsoft\OneDrive\17.3.6798.0207\FileSyncShell.dll
0x09410000 - 0x09481000 	C:\Users\pjakobs\AppData\Local\Microsoft\OneDrive\17.3.6798.0207\MSVCP120.dll
0x70d40000 - 0x70f6f000 	C:\WINDOWS\SYSTEM32\WININET.dll
0x09640000 - 0x0972e000 	C:\Users\pjakobs\AppData\Local\Microsoft\OneDrive\17.3.6798.0207\MSVCR120.dll
0x65780000 - 0x65798000 	C:\Users\pjakobs\AppData\Local\Microsoft\OneDrive\17.3.6798.0207\LoggingPlatform.DLL
0x61580000 - 0x615cf000 	C:\Users\pjakobs\AppData\Local\Microsoft\OneDrive\17.3.6798.0207\Telemetry.dll
0x60f20000 - 0x60f41000 	C:\WINDOWS\SYSTEM32\Cabinet.dll
0x730f0000 - 0x73190000 	C:\WINDOWS\SYSTEM32\WINHTTP.dll
0x0cd70000 - 0x0cde4000 	C:\ProgramData\BitTorrent Sync\ShellExtensionOverlay86_128.dll
0x0cdf0000 - 0x0ce64000 	C:\ProgramData\BitTorrent Sync\ShellExtensionOverlay86_17A.dll
0x0ce70000 - 0x0cee5000 	C:\ProgramData\Resilio Sync\ShellExtensionOverlay86_2DC.dll
0x5de10000 - 0x5de4b000 	C:\Users\pjakobs\AppData\Roaming\Dropbox\bin\DropboxExt.14.0.dll
0x6b8c0000 - 0x6b917000 	C:\WINDOWS\system32\PhotoMetadataHandler.dll
0x09190000 - 0x091b7000 	C:\Windows\System32\CbFsMntNtf3.dll
0x73270000 - 0x7327f000 	C:\Windows\System32\WTSAPI32.dll
0x5a6e0000 - 0x5a77a000 	C:\Program Files\LinkShellExtension\32\HardlinkShellExt.dll
0x09730000 - 0x09758000 	C:\Program Files\LinkShellExtension\32\RockallDLL.dll
0x73f00000 - 0x73f16000 	C:\WINDOWS\SYSTEM32\MPR.dll
0x738a0000 - 0x738b3000 	C:\WINDOWS\SYSTEM32\NETAPI32.dll
0x729c0000 - 0x72a47000 	C:\WINDOWS\WinSxS\x86_microsoft.vc80.crt_1fc8b3b9a1e18e3b_8.0.50727.9268_none_d08e1538442a243e\MSVCP80.dll
0x72a50000 - 0x72aeb000 	C:\WINDOWS\WinSxS\x86_microsoft.vc80.crt_1fc8b3b9a1e18e3b_8.0.50727.9268_none_d08e1538442a243e\MSVCR80.dll
0x5ddf0000 - 0x5de02000 	C:\WINDOWS\system32\mssprxy.dll
0x72be0000 - 0x72c34000 	C:\WINDOWS\SYSTEM32\OLEACC.dll
0x73af0000 - 0x73c84000 	C:\WINDOWS\SYSTEM32\urlmon.dll
0x738c0000 - 0x73ae9000 	C:\WINDOWS\SYSTEM32\iertutil.dll
0x6add0000 - 0x6af56000 	C:\Windows\System32\ActXPrxy.dll
0x64000000 - 0x6401b000 	C:\Users\pjakobs\.jssc\windows\jSSC-2.8_x86.dll
0x74200000 - 0x74345000 	C:\WINDOWS\SYSTEM32\dbghelp.dll

VM Arguments:
jvm_args: -Dsun.java2d.d3d=false -Djna.nosys=true -DAPP_DIR=C:\Program Files (x86)\Arduino -Xms128M -Xmx512M 
java_command: processing.app.Base C:\Users\pjakobs\Documents\GitHub\Teensy3_Frequency_Display\FreqDisplay\Menu.ino
java_class_path (initial): C:\Program Files (x86)\Arduino\lib\apple.jar;C:\Program Files (x86)\Arduino\lib\arduino-core.jar;C:\Program Files (x86)\Arduino\lib\batik-1.8.jar;C:\Program Files (x86)\Arduino\lib\batik-anim-1.8.jar;C:\Program Files (x86)\Arduino\lib\batik-awt-util-1.8.jar;C:\Program Files (x86)\Arduino\lib\batik-bridge-1.8.jar;C:\Program Files (x86)\Arduino\lib\batik-codec-1.8.jar;C:\Program Files (x86)\Arduino\lib\batik-css-1.8.jar;C:\Program Files (x86)\Arduino\lib\batik-dom-1.8.jar;C:\Program Files (x86)\Arduino\lib\batik-ext-1.8.jar;C:\Program Files (x86)\Arduino\lib\batik-gvt-1.8.jar;C:\Program Files (x86)\Arduino\lib\batik-parser-1.8.jar;C:\Program Files (x86)\Arduino\lib\batik-rasterizer-1.8.jar;C:\Program Files (x86)\Arduino\lib\batik-script-1.8.jar;C:\Program Files (x86)\Arduino\lib\batik-squiggle-1.8.jar;C:\Program Files (x86)\Arduino\lib\batik-svg-dom-1.8.jar;C:\Program Files (x86)\Arduino\lib\batik-svgpp-1.8.jar;C:\Program Files (x86)\Arduino\lib\batik-transcoder-1.8.jar;C:\Program Files (x86)\Arduino\lib\batik-util-1.8.jar;C:\Program Files (x86)\Arduino\lib\batik-xml-1.8.jar;C:\Program Files (x86)\Arduino\lib\bcpg-jdk15on-152.jar;C:\Program Files (x86)\Arduino\lib\bcprov-jdk15on-152.jar;C:\Program Files (x86)\Arduino\lib\commons-codec-1.7.jar;C:\Program Files (x86)\Arduino\lib\commons-compress-1.8.jar;C:\Program Files (x86)\Arduino\lib\commons-exec-1.1.jar;C:\Program Files (x86)\Arduino\lib\commons-httpclient-3.1.jar;C:\Program Files (x86)\Arduino\lib\commons-lang3-3.3.2.jar;C:\Program Files (x86)\Arduino\lib\commons-logging-1.0.4.jar;C:\Program Files (x86)\Arduino\lib\commons-net-3.3.jar;C:\Program Files (x86)\Arduino\lib\jackson-annotations-2.6.3.jar;C:\Program Files (x86)\Arduino\lib\jackson-core-2.6.3.jar;C:\Program Files (x86)\Arduino\lib\jackson-databind-2.6.3.jar;C:\Program Files (x86)\Arduino\lib\jackson-module-mrbean-2.6.3.jar;C:\Program Files (x86)\Arduino\lib\java-semver-0.8.0.jar;C:\Program Files (x86)\Arduino\lib\jmdns-3.4.1.j
Launcher Type: SUN_STANDARD

Environment Variables:
JAVA_HOME=C:\Program Files\Java\jre7
PATH=C:\Program Files (x86)\AMD APP\bin\x86_64;C:\Program Files (x86)\AMD APP\bin\x86;C:\Program Files (x86)\SynaptiCAD\bin\win32;C:\ProgramData\Oracle\Java\javapath;C:\WINDOWS\system32;C:\WINDOWS;C:\WINDOWS\System32\Wbem;C:\WINDOWS\System32\WindowsPowerShell\v1.0\;C:\Program Files (x86)\ATI Technologies\ATI.ACE\Core-Static;C:\Program Files (x86)\SynaptiCAD\bin;C:\Program Files (x86)\Common Files\Plantronics\;C:\Program Files (x86)\Plantronics\MyHeadsetUpdater\;C:\Program Files (x86)\Plantronics\VoyagerEdge\;C:\Program Files (x86)\Skype\Phone\;C:\Program Files (x86)\QuickTime\QTSystem\;C:\Users\pjakobs\AppData\Local\Microsoft\WindowsApps;C:\Program Files (x86)\Arduino\java\bin
USERNAME=pjakobs
OS=Windows_NT
PROCESSOR_IDENTIFIER=AMD64 Family 21 Model 2 Stepping 0, AuthenticAMD



---------------  S Y S T E M  ---------------

OS: Windows 10.0 , 64 bit Build 14393 (10.0.14393.0)

CPU:total 8 (8 cores per cpu, 1 threads per core) family 21 model 2 stepping 0, cmov, cx8, fxsr, mmx, sse, sse2, sse3, ssse3, sse4.1, sse4.2, popcnt, avx, aes, clmul, mmxext, 3dnowpref, lzcnt, sse4a, tsc, tscinvbit, tscinv, bmi1

Memory: 4k page, physical 16674148k(10086748k free), swap 25062756k(17488268k free)

vm_info: Java HotSpot(TM) Client VM (25.111-b14) for windows-x86 JRE (1.8.0_111-b14), built on Sep 22 2016 18:54:33 by "java_re" with MS VC++ 10.0 (VS2010)

time: Wed Mar 15 19:15:20 2017
elapsed time: 4907 seconds (0d 1h 21m 47s)

